{"C:\\Users\\salim\\OneDrive\\Desktop\\liskov\\lap2\\project\\local-council-app\\server\\app.js": {"path":"C:\\Users\\salim\\OneDrive\\Desktop\\liskov\\lap2\\project\\local-council-app\\server\\app.js","statementMap":{"0":{"start":{"line":1,"column":16},"end":{"line":1,"column":34}},"1":{"start":{"line":2,"column":13},"end":{"line":2,"column":28}},"2":{"start":{"line":3,"column":18},"end":{"line":3,"column":48}},"3":{"start":{"line":4,"column":25},"end":{"line":4,"column":56}},"4":{"start":{"line":6,"column":19},"end":{"line":6,"column":44}},"5":{"start":{"line":9,"column":12},"end":{"line":9,"column":21}},"6":{"start":{"line":11,"column":0},"end":{"line":11,"column":16}},"7":{"start":{"line":12,"column":0},"end":{"line":12,"column":24}},"8":{"start":{"line":13,"column":0},"end":{"line":13,"column":19}},"9":{"start":{"line":15,"column":0},"end":{"line":21,"column":3}},"10":{"start":{"line":16,"column":2},"end":{"line":20,"column":5}},"11":{"start":{"line":23,"column":0},"end":{"line":23,"column":42}},"12":{"start":{"line":24,"column":0},"end":{"line":24,"column":30}},"13":{"start":{"line":27,"column":0},"end":{"line":27,"column":21}}},"fnMap":{"0":{"name":"(anonymous_0)","decl":{"start":{"line":15,"column":13},"end":{"line":15,"column":14}},"loc":{"start":{"line":15,"column":27},"end":{"line":21,"column":1}},"line":15}},"branchMap":{},"s":{"0":1,"1":1,"2":1,"3":1,"4":1,"5":1,"6":1,"7":1,"8":1,"9":1,"10":0,"11":1,"12":1,"13":1},"f":{"0":0},"b":{},"_coverageSchema":"1a1c01bbd47fc00a2c39e90264f33305004495a9","hash":"a9fee44a03948d30710abf92467e83e2f3f328b9"}
,"C:\\Users\\salim\\OneDrive\\Desktop\\liskov\\lap2\\project\\local-council-app\\server\\controllers\\submissionsController.js": {"path":"C:\\Users\\salim\\OneDrive\\Desktop\\liskov\\lap2\\project\\local-council-app\\server\\controllers\\submissionsController.js","statementMap":{"0":{"start":{"line":1,"column":20},"end":{"line":1,"column":52}},"1":{"start":{"line":2,"column":13},"end":{"line":2,"column":38}},"2":{"start":{"line":3,"column":14},"end":{"line":3,"column":40}},"3":{"start":{"line":7,"column":4},"end":{"line":12,"column":5}},"4":{"start":{"line":8,"column":19},"end":{"line":8,"column":56}},"5":{"start":{"line":9,"column":6},"end":{"line":9,"column":33}},"6":{"start":{"line":11,"column":6},"end":{"line":11,"column":74}},"7":{"start":{"line":16,"column":19},"end":{"line":16,"column":29}},"8":{"start":{"line":17,"column":4},"end":{"line":26,"column":5}},"9":{"start":{"line":18,"column":25},"end":{"line":18,"column":64}},"10":{"start":{"line":19,"column":6},"end":{"line":23,"column":7}},"11":{"start":{"line":20,"column":8},"end":{"line":20,"column":41}},"12":{"start":{"line":22,"column":8},"end":{"line":22,"column":64}},"13":{"start":{"line":25,"column":6},"end":{"line":25,"column":78}},"14":{"start":{"line":30,"column":19},"end":{"line":30,"column":34}},"15":{"start":{"line":31,"column":4},"end":{"line":31,"column":24}},"16":{"start":{"line":32,"column":4},"end":{"line":37,"column":5}},"17":{"start":{"line":33,"column":26},"end":{"line":33,"column":74}},"18":{"start":{"line":34,"column":6},"end":{"line":34,"column":40}},"19":{"start":{"line":36,"column":6},"end":{"line":36,"column":51}},"20":{"start":{"line":41,"column":23},"end":{"line":41,"column":31}},"21":{"start":{"line":42,"column":4},"end":{"line":49,"column":5}},"22":{"start":{"line":43,"column":6},"end":{"line":43,"column":32}},"23":{"start":{"line":44,"column":28},"end":{"line":44,"column":74}},"24":{"start":{"line":45,"column":6},"end":{"line":45,"column":30}},"25":{"start":{"line":46,"column":6},"end":{"line":46,"column":42}},"26":{"start":{"line":48,"column":6},"end":{"line":48,"column":58}},"27":{"start":{"line":53,"column":23},"end":{"line":53,"column":31}},"28":{"start":{"line":54,"column":4},"end":{"line":60,"column":5}},"29":{"start":{"line":55,"column":28},"end":{"line":55,"column":71}},"30":{"start":{"line":56,"column":6},"end":{"line":56,"column":33}},"31":{"start":{"line":57,"column":6},"end":{"line":57,"column":42}},"32":{"start":{"line":59,"column":6},"end":{"line":59,"column":58}},"33":{"start":{"line":64,"column":4},"end":{"line":71,"column":5}},"34":{"start":{"line":65,"column":17},"end":{"line":65,"column":40}},"35":{"start":{"line":66,"column":19},"end":{"line":66,"column":27}},"36":{"start":{"line":67,"column":21},"end":{"line":67,"column":65}},"37":{"start":{"line":68,"column":6},"end":{"line":68,"column":35}},"38":{"start":{"line":70,"column":6},"end":{"line":70,"column":51}},"39":{"start":{"line":75,"column":4},"end":{"line":82,"column":5}},"40":{"start":{"line":76,"column":17},"end":{"line":76,"column":30}},"41":{"start":{"line":77,"column":21},"end":{"line":77,"column":36}},"42":{"start":{"line":78,"column":21},"end":{"line":78,"column":73}},"43":{"start":{"line":79,"column":6},"end":{"line":79,"column":35}},"44":{"start":{"line":81,"column":6},"end":{"line":81,"column":65}},"45":{"start":{"line":86,"column":15},"end":{"line":86,"column":38}},"46":{"start":{"line":87,"column":18},"end":{"line":87,"column":42}},"47":{"start":{"line":88,"column":4},"end":{"line":102,"column":5}},"48":{"start":{"line":89,"column":22},"end":{"line":89,"column":47}},"49":{"start":{"line":90,"column":26},"end":{"line":90,"column":58}},"50":{"start":{"line":91,"column":24},"end":{"line":91,"column":44}},"51":{"start":{"line":92,"column":21},"end":{"line":92,"column":51}},"52":{"start":{"line":93,"column":4},"end":{"line":99,"column":5}},"53":{"start":{"line":94,"column":6},"end":{"line":94,"column":39}},"54":{"start":{"line":95,"column":8},"end":{"line":95,"column":58}},"55":{"start":{"line":97,"column":34},"end":{"line":97,"column":77}},"56":{"start":{"line":98,"column":8},"end":{"line":98,"column":36}},"57":{"start":{"line":101,"column":4},"end":{"line":101,"column":73}},"58":{"start":{"line":106,"column":4},"end":{"line":111,"column":5}},"59":{"start":{"line":107,"column":19},"end":{"line":107,"column":49}},"60":{"start":{"line":108,"column":6},"end":{"line":108,"column":33}},"61":{"start":{"line":110,"column":6},"end":{"line":110,"column":74}},"62":{"start":{"line":115,"column":4},"end":{"line":121,"column":5}},"63":{"start":{"line":116,"column":6},"end":{"line":116,"column":29}},"64":{"start":{"line":117,"column":19},"end":{"line":117,"column":46}},"65":{"start":{"line":118,"column":6},"end":{"line":118,"column":33}},"66":{"start":{"line":120,"column":6},"end":{"line":120,"column":74}},"67":{"start":{"line":125,"column":0},"end":{"line":125,"column":38}}},"fnMap":{"0":{"name":"(anonymous_0)","decl":{"start":{"line":6,"column":2},"end":{"line":6,"column":3}},"loc":{"start":{"line":6,"column":43},"end":{"line":13,"column":3}},"line":6},"1":{"name":"(anonymous_1)","decl":{"start":{"line":15,"column":2},"end":{"line":15,"column":3}},"loc":{"start":{"line":15,"column":43},"end":{"line":27,"column":3}},"line":15},"2":{"name":"(anonymous_2)","decl":{"start":{"line":29,"column":2},"end":{"line":29,"column":3}},"loc":{"start":{"line":29,"column":48},"end":{"line":38,"column":3}},"line":29},"3":{"name":"(anonymous_3)","decl":{"start":{"line":40,"column":2},"end":{"line":40,"column":3}},"loc":{"start":{"line":40,"column":42},"end":{"line":50,"column":3}},"line":40},"4":{"name":"(anonymous_4)","decl":{"start":{"line":52,"column":2},"end":{"line":52,"column":3}},"loc":{"start":{"line":52,"column":39},"end":{"line":61,"column":3}},"line":52},"5":{"name":"(anonymous_5)","decl":{"start":{"line":63,"column":2},"end":{"line":63,"column":3}},"loc":{"start":{"line":63,"column":42},"end":{"line":72,"column":3}},"line":63},"6":{"name":"(anonymous_6)","decl":{"start":{"line":74,"column":2},"end":{"line":74,"column":3}},"loc":{"start":{"line":74,"column":48},"end":{"line":83,"column":3}},"line":74},"7":{"name":"(anonymous_7)","decl":{"start":{"line":85,"column":2},"end":{"line":85,"column":3}},"loc":{"start":{"line":85,"column":29},"end":{"line":103,"column":1}},"line":85},"8":{"name":"(anonymous_8)","decl":{"start":{"line":105,"column":2},"end":{"line":105,"column":3}},"loc":{"start":{"line":105,"column":36},"end":{"line":112,"column":3}},"line":105},"9":{"name":"(anonymous_9)","decl":{"start":{"line":114,"column":2},"end":{"line":114,"column":3}},"loc":{"start":{"line":114,"column":33},"end":{"line":122,"column":3}},"line":114}},"branchMap":{"0":{"loc":{"start":{"line":19,"column":6},"end":{"line":23,"column":7}},"type":"if","locations":[{"start":{"line":19,"column":6},"end":{"line":23,"column":7}},{"start":{"line":21,"column":13},"end":{"line":23,"column":7}}],"line":19},"1":{"loc":{"start":{"line":93,"column":4},"end":{"line":99,"column":5}},"type":"if","locations":[{"start":{"line":93,"column":4},"end":{"line":99,"column":5}},{"start":{"line":96,"column":9},"end":{"line":99,"column":5}}],"line":93}},"s":{"0":1,"1":1,"2":1,"3":1,"4":1,"5":1,"6":0,"7":1,"8":1,"9":1,"10":1,"11":1,"12":0,"13":0,"14":1,"15":1,"16":1,"17":1,"18":1,"19":0,"20":1,"21":1,"22":1,"23":1,"24":1,"25":1,"26":0,"27":0,"28":0,"29":0,"30":0,"31":0,"32":0,"33":1,"34":1,"35":1,"36":1,"37":1,"38":0,"39":1,"40":1,"41":1,"42":1,"43":1,"44":0,"45":1,"46":1,"47":1,"48":1,"49":1,"50":0,"51":0,"52":0,"53":0,"54":0,"55":0,"56":0,"57":1,"58":0,"59":0,"60":0,"61":0,"62":1,"63":1,"64":1,"65":1,"66":0,"67":1},"f":{"0":1,"1":1,"2":1,"3":1,"4":0,"5":1,"6":1,"7":1,"8":0,"9":1},"b":{"0":[1,0],"1":[0,0]},"_coverageSchema":"1a1c01bbd47fc00a2c39e90264f33305004495a9","hash":"4f35bad8b1f2bdd398576e077631a88dc13ad30a"}
,"C:\\Users\\salim\\OneDrive\\Desktop\\liskov\\lap2\\project\\local-council-app\\server\\controllers\\user.js": {"path":"C:\\Users\\salim\\OneDrive\\Desktop\\liskov\\lap2\\project\\local-council-app\\server\\controllers\\user.js","statementMap":{"0":{"start":{"line":1,"column":15},"end":{"line":1,"column":32}},"1":{"start":{"line":3,"column":13},"end":{"line":3,"column":38}},"2":{"start":{"line":4,"column":14},"end":{"line":4,"column":40}},"3":{"start":{"line":7,"column":2},"end":{"line":15,"column":3}},"4":{"start":{"line":8,"column":17},"end":{"line":8,"column":25}},"5":{"start":{"line":9,"column":17},"end":{"line":9,"column":79}},"6":{"start":{"line":10,"column":4},"end":{"line":10,"column":65}},"7":{"start":{"line":11,"column":19},"end":{"line":11,"column":42}},"8":{"start":{"line":12,"column":4},"end":{"line":12,"column":33}},"9":{"start":{"line":14,"column":4},"end":{"line":14,"column":49}},"10":{"start":{"line":19,"column":15},"end":{"line":19,"column":23}},"11":{"start":{"line":20,"column":2},"end":{"line":43,"column":3}},"12":{"start":{"line":22,"column":17},"end":{"line":22,"column":59}},"13":{"start":{"line":24,"column":26},"end":{"line":27,"column":5}},"14":{"start":{"line":29,"column":4},"end":{"line":40,"column":5}},"15":{"start":{"line":30,"column":6},"end":{"line":30,"column":48}},"16":{"start":{"line":33,"column":20},"end":{"line":33,"column":47}},"17":{"start":{"line":37,"column":6},"end":{"line":37,"column":110}},"18":{"start":{"line":42,"column":4},"end":{"line":42,"column":49}},"19":{"start":{"line":47,"column":16},"end":{"line":47,"column":41}},"20":{"start":{"line":48,"column":2},"end":{"line":53,"column":3}},"21":{"start":{"line":49,"column":21},"end":{"line":49,"column":51}},"22":{"start":{"line":50,"column":4},"end":{"line":50,"column":48}},"23":{"start":{"line":52,"column":4},"end":{"line":52,"column":51}},"24":{"start":{"line":56,"column":0},"end":{"line":60,"column":2}}},"fnMap":{"0":{"name":"register","decl":{"start":{"line":6,"column":15},"end":{"line":6,"column":23}},"loc":{"start":{"line":6,"column":34},"end":{"line":16,"column":1}},"line":6},"1":{"name":"login","decl":{"start":{"line":18,"column":15},"end":{"line":18,"column":20}},"loc":{"start":{"line":18,"column":31},"end":{"line":44,"column":1}},"line":18},"2":{"name":"logout","decl":{"start":{"line":46,"column":15},"end":{"line":46,"column":21}},"loc":{"start":{"line":46,"column":32},"end":{"line":54,"column":1}},"line":46}},"branchMap":{"0":{"loc":{"start":{"line":29,"column":4},"end":{"line":40,"column":5}},"type":"if","locations":[{"start":{"line":29,"column":4},"end":{"line":40,"column":5}},{"start":{"line":31,"column":11},"end":{"line":40,"column":5}}],"line":29}},"s":{"0":1,"1":1,"2":1,"3":0,"4":0,"5":0,"6":0,"7":0,"8":0,"9":0,"10":0,"11":0,"12":0,"13":0,"14":0,"15":0,"16":0,"17":0,"18":0,"19":0,"20":0,"21":0,"22":0,"23":0,"24":1},"f":{"0":0,"1":0,"2":0},"b":{"0":[0,0]},"_coverageSchema":"1a1c01bbd47fc00a2c39e90264f33305004495a9","hash":"a6e7958c15cd70105748bb28891b9fe4296a11ad"}
,"C:\\Users\\salim\\OneDrive\\Desktop\\liskov\\lap2\\project\\local-council-app\\server\\database\\connect.js": {"path":"C:\\Users\\salim\\OneDrive\\Desktop\\liskov\\lap2\\project\\local-council-app\\server\\database\\connect.js","statementMap":{"0":{"start":{"line":1,"column":15},"end":{"line":1,"column":28}},"1":{"start":{"line":2,"column":0},"end":{"line":2,"column":26}},"2":{"start":{"line":4,"column":11},"end":{"line":6,"column":2}},"3":{"start":{"line":8,"column":0},"end":{"line":8,"column":19}}},"fnMap":{},"branchMap":{},"s":{"0":1,"1":1,"2":1,"3":1},"f":{},"b":{},"_coverageSchema":"1a1c01bbd47fc00a2c39e90264f33305004495a9","hash":"fa58c0f573e9370392fb98103e223abebcfe8c27"}
,"C:\\Users\\salim\\OneDrive\\Desktop\\liskov\\lap2\\project\\local-council-app\\server\\middleware\\authenticator.js": {"path":"C:\\Users\\salim\\OneDrive\\Desktop\\liskov\\lap2\\project\\local-council-app\\server\\middleware\\authenticator.js","statementMap":{"0":{"start":{"line":1,"column":14},"end":{"line":1,"column":40}},"1":{"start":{"line":5,"column":2},"end":{"line":24,"column":3}},"2":{"start":{"line":8,"column":22},"end":{"line":8,"column":50}},"3":{"start":{"line":11,"column":4},"end":{"line":21,"column":5}},"4":{"start":{"line":12,"column":6},"end":{"line":12,"column":49}},"5":{"start":{"line":15,"column":25},"end":{"line":15,"column":61}},"6":{"start":{"line":16,"column":6},"end":{"line":20,"column":7}},"7":{"start":{"line":17,"column":8},"end":{"line":17,"column":60}},"8":{"start":{"line":19,"column":8},"end":{"line":19,"column":15}},"9":{"start":{"line":23,"column":4},"end":{"line":23,"column":49}},"10":{"start":{"line":27,"column":0},"end":{"line":27,"column":31}}},"fnMap":{"0":{"name":"authenticator","decl":{"start":{"line":4,"column":15},"end":{"line":4,"column":28}},"loc":{"start":{"line":4,"column":45},"end":{"line":25,"column":1}},"line":4}},"branchMap":{"0":{"loc":{"start":{"line":11,"column":4},"end":{"line":21,"column":5}},"type":"if","locations":[{"start":{"line":11,"column":4},"end":{"line":21,"column":5}},{"start":{"line":13,"column":11},"end":{"line":21,"column":5}}],"line":11},"1":{"loc":{"start":{"line":16,"column":6},"end":{"line":20,"column":7}},"type":"if","locations":[{"start":{"line":16,"column":6},"end":{"line":20,"column":7}},{"start":{"line":18,"column":13},"end":{"line":20,"column":7}}],"line":16}},"s":{"0":1,"1":2,"2":2,"3":2,"4":0,"5":2,"6":2,"7":1,"8":1,"9":1,"10":1},"f":{"0":2},"b":{"0":[0,2],"1":[1,1]},"_coverageSchema":"1a1c01bbd47fc00a2c39e90264f33305004495a9","hash":"0086c18b0b7a1da8fe86067083b3a56a105b0ef0"}
,"C:\\Users\\salim\\OneDrive\\Desktop\\liskov\\lap2\\project\\local-council-app\\server\\middleware\\logger.js": {"path":"C:\\Users\\salim\\OneDrive\\Desktop\\liskov\\lap2\\project\\local-council-app\\server\\middleware\\logger.js","statementMap":{"0":{"start":{"line":2,"column":2},"end":{"line":2,"column":43}},"1":{"start":{"line":3,"column":2},"end":{"line":3,"column":9}},"2":{"start":{"line":6,"column":0},"end":{"line":6,"column":27}}},"fnMap":{"0":{"name":"logRoutes","decl":{"start":{"line":1,"column":9},"end":{"line":1,"column":18}},"loc":{"start":{"line":1,"column":35},"end":{"line":4,"column":1}},"line":1}},"branchMap":{},"s":{"0":8,"1":8,"2":1},"f":{"0":8},"b":{},"_coverageSchema":"1a1c01bbd47fc00a2c39e90264f33305004495a9","hash":"8e26d54f154752f8e2f8b5b8bdeb0b6bce6fec5b"}
,"C:\\Users\\salim\\OneDrive\\Desktop\\liskov\\lap2\\project\\local-council-app\\server\\models\\Submissions.js": {"path":"C:\\Users\\salim\\OneDrive\\Desktop\\liskov\\lap2\\project\\local-council-app\\server\\models\\Submissions.js","statementMap":{"0":{"start":{"line":1,"column":11},"end":{"line":1,"column":41}},"1":{"start":{"line":5,"column":18},"end":{"line":5,"column":52}},"2":{"start":{"line":6,"column":21},"end":{"line":6,"column":42}},"3":{"start":{"line":7,"column":4},"end":{"line":7,"column":16}},"4":{"start":{"line":11,"column":18},"end":{"line":11,"column":77}},"5":{"start":{"line":12,"column":21},"end":{"line":12,"column":48}},"6":{"start":{"line":13,"column":4},"end":{"line":13,"column":19}},"7":{"start":{"line":18,"column":6},"end":{"line":18,"column":88}},"8":{"start":{"line":19,"column":21},"end":{"line":19,"column":63}},"9":{"start":{"line":20,"column":4},"end":{"line":20,"column":16}},"10":{"start":{"line":24,"column":49},"end":{"line":24,"column":59}},"11":{"start":{"line":26,"column":6},"end":{"line":26,"column":109}},"12":{"start":{"line":27,"column":19},"end":{"line":27,"column":53}},"13":{"start":{"line":28,"column":21},"end":{"line":28,"column":50}},"14":{"start":{"line":29,"column":4},"end":{"line":29,"column":19}},"15":{"start":{"line":33,"column":49},"end":{"line":33,"column":59}},"16":{"start":{"line":35,"column":6},"end":{"line":35,"column":109}},"17":{"start":{"line":36,"column":19},"end":{"line":36,"column":53}},"18":{"start":{"line":37,"column":17},"end":{"line":37,"column":46}},"19":{"start":{"line":38,"column":4},"end":{"line":38,"column":16}},"20":{"start":{"line":43,"column":68},"end":{"line":43,"column":78}},"21":{"start":{"line":45,"column":6},"end":{"line":45,"column":151}},"22":{"start":{"line":46,"column":19},"end":{"line":46,"column":76}},"23":{"start":{"line":47,"column":21},"end":{"line":47,"column":50}},"24":{"start":{"line":48,"column":4},"end":{"line":48,"column":25}},"25":{"start":{"line":49,"column":4},"end":{"line":49,"column":19}},"26":{"start":{"line":54,"column":6},"end":{"line":54,"column":97}},"27":{"start":{"line":55,"column":19},"end":{"line":55,"column":41}},"28":{"start":{"line":56,"column":21},"end":{"line":56,"column":50}},"29":{"start":{"line":57,"column":4},"end":{"line":57,"column":25}},"30":{"start":{"line":58,"column":4},"end":{"line":58,"column":19}},"31":{"start":{"line":62,"column":22},"end":{"line":62,"column":113}},"32":{"start":{"line":63,"column":23},"end":{"line":63,"column":34}},"33":{"start":{"line":64,"column":26},"end":{"line":64,"column":113}},"34":{"start":{"line":65,"column":27},"end":{"line":65,"column":43}},"35":{"start":{"line":66,"column":23},"end":{"line":66,"column":52}},"36":{"start":{"line":67,"column":25},"end":{"line":67,"column":61}},"37":{"start":{"line":68,"column":8},"end":{"line":68,"column":78}},"38":{"start":{"line":72,"column":18},"end":{"line":72,"column":51}},"39":{"start":{"line":73,"column":21},"end":{"line":73,"column":42}},"40":{"start":{"line":74,"column":4},"end":{"line":74,"column":16}},"41":{"start":{"line":78,"column":18},"end":{"line":78,"column":127}},"42":{"start":{"line":79,"column":21},"end":{"line":79,"column":42}},"43":{"start":{"line":80,"column":4},"end":{"line":80,"column":16}},"44":{"start":{"line":84,"column":0},"end":{"line":84,"column":29}}},"fnMap":{"0":{"name":"(anonymous_0)","decl":{"start":{"line":4,"column":2},"end":{"line":4,"column":3}},"loc":{"start":{"line":4,"column":35},"end":{"line":8,"column":3}},"line":4},"1":{"name":"(anonymous_1)","decl":{"start":{"line":10,"column":2},"end":{"line":10,"column":3}},"loc":{"start":{"line":10,"column":37},"end":{"line":14,"column":3}},"line":10},"2":{"name":"(anonymous_2)","decl":{"start":{"line":16,"column":2},"end":{"line":16,"column":3}},"loc":{"start":{"line":16,"column":57},"end":{"line":21,"column":3}},"line":16},"3":{"name":"(anonymous_3)","decl":{"start":{"line":23,"column":1},"end":{"line":23,"column":2}},"loc":{"start":{"line":23,"column":43},"end":{"line":30,"column":3}},"line":23},"4":{"name":"(anonymous_4)","decl":{"start":{"line":32,"column":2},"end":{"line":32,"column":3}},"loc":{"start":{"line":32,"column":41},"end":{"line":40,"column":3}},"line":32},"5":{"name":"(anonymous_5)","decl":{"start":{"line":42,"column":2},"end":{"line":42,"column":3}},"loc":{"start":{"line":42,"column":48},"end":{"line":50,"column":3}},"line":42},"6":{"name":"(anonymous_6)","decl":{"start":{"line":52,"column":2},"end":{"line":52,"column":3}},"loc":{"start":{"line":52,"column":50},"end":{"line":59,"column":3}},"line":52},"7":{"name":"(anonymous_7)","decl":{"start":{"line":61,"column":4},"end":{"line":61,"column":5}},"loc":{"start":{"line":61,"column":41},"end":{"line":69,"column":5}},"line":61},"8":{"name":"(anonymous_8)","decl":{"start":{"line":71,"column":2},"end":{"line":71,"column":3}},"loc":{"start":{"line":71,"column":28},"end":{"line":75,"column":3}},"line":71},"9":{"name":"(anonymous_9)","decl":{"start":{"line":77,"column":2},"end":{"line":77,"column":3}},"loc":{"start":{"line":77,"column":25},"end":{"line":81,"column":3}},"line":77}},"branchMap":{},"s":{"0":1,"1":1,"2":1,"3":1,"4":1,"5":1,"6":1,"7":1,"8":1,"9":1,"10":1,"11":1,"12":1,"13":1,"14":1,"15":0,"16":0,"17":0,"18":0,"19":0,"20":1,"21":1,"22":1,"23":1,"24":1,"25":1,"26":3,"27":3,"28":3,"29":3,"30":3,"31":0,"32":0,"33":0,"34":0,"35":0,"36":0,"37":0,"38":0,"39":0,"40":0,"41":1,"42":1,"43":1,"44":1},"f":{"0":1,"1":1,"2":1,"3":1,"4":0,"5":1,"6":3,"7":0,"8":0,"9":1},"b":{},"_coverageSchema":"1a1c01bbd47fc00a2c39e90264f33305004495a9","hash":"40d5dae653030b3bc96a36d858bef6cbfe5d2486"}
,"C:\\Users\\salim\\OneDrive\\Desktop\\liskov\\lap2\\project\\local-council-app\\server\\models\\Token.js": {"path":"C:\\Users\\salim\\OneDrive\\Desktop\\liskov\\lap2\\project\\local-council-app\\server\\models\\Token.js","statementMap":{"0":{"start":{"line":2,"column":23},"end":{"line":2,"column":38}},"1":{"start":{"line":4,"column":11},"end":{"line":4,"column":41}},"2":{"start":{"line":8,"column":4},"end":{"line":8,"column":29}},"3":{"start":{"line":9,"column":4},"end":{"line":9,"column":27}},"4":{"start":{"line":10,"column":4},"end":{"line":10,"column":23}},"5":{"start":{"line":15,"column":18},"end":{"line":15,"column":26}},"6":{"start":{"line":17,"column":21},"end":{"line":20,"column":5}},"7":{"start":{"line":22,"column":18},"end":{"line":22,"column":43}},"8":{"start":{"line":23,"column":21},"end":{"line":23,"column":50}},"9":{"start":{"line":25,"column":4},"end":{"line":25,"column":20}},"10":{"start":{"line":29,"column":21},"end":{"line":31,"column":6}},"11":{"start":{"line":32,"column":4},"end":{"line":36,"column":5}},"12":{"start":{"line":33,"column":6},"end":{"line":33,"column":49}},"13":{"start":{"line":35,"column":6},"end":{"line":35,"column":41}},"14":{"start":{"line":40,"column":21},"end":{"line":42,"column":6}},"15":{"start":{"line":43,"column":4},"end":{"line":47,"column":5}},"16":{"start":{"line":44,"column":6},"end":{"line":44,"column":49}},"17":{"start":{"line":46,"column":6},"end":{"line":46,"column":41}},"18":{"start":{"line":51,"column":21},"end":{"line":53,"column":6}},"19":{"start":{"line":55,"column":4},"end":{"line":59,"column":5}},"20":{"start":{"line":56,"column":6},"end":{"line":56,"column":49}},"21":{"start":{"line":58,"column":6},"end":{"line":58,"column":29}},"22":{"start":{"line":63,"column":0},"end":{"line":63,"column":23}}},"fnMap":{"0":{"name":"(anonymous_0)","decl":{"start":{"line":7,"column":2},"end":{"line":7,"column":3}},"loc":{"start":{"line":7,"column":44},"end":{"line":11,"column":3}},"line":7},"1":{"name":"(anonymous_1)","decl":{"start":{"line":13,"column":2},"end":{"line":13,"column":3}},"loc":{"start":{"line":13,"column":31},"end":{"line":26,"column":3}},"line":13},"2":{"name":"(anonymous_2)","decl":{"start":{"line":28,"column":2},"end":{"line":28,"column":3}},"loc":{"start":{"line":28,"column":30},"end":{"line":37,"column":3}},"line":28},"3":{"name":"(anonymous_3)","decl":{"start":{"line":39,"column":2},"end":{"line":39,"column":3}},"loc":{"start":{"line":39,"column":36},"end":{"line":48,"column":3}},"line":39},"4":{"name":"(anonymous_4)","decl":{"start":{"line":50,"column":2},"end":{"line":50,"column":3}},"loc":{"start":{"line":50,"column":34},"end":{"line":60,"column":3}},"line":50}},"branchMap":{"0":{"loc":{"start":{"line":32,"column":4},"end":{"line":36,"column":5}},"type":"if","locations":[{"start":{"line":32,"column":4},"end":{"line":36,"column":5}},{"start":{"line":34,"column":11},"end":{"line":36,"column":5}}],"line":32},"1":{"loc":{"start":{"line":43,"column":4},"end":{"line":47,"column":5}},"type":"if","locations":[{"start":{"line":43,"column":4},"end":{"line":47,"column":5}},{"start":{"line":45,"column":11},"end":{"line":47,"column":5}}],"line":43},"2":{"loc":{"start":{"line":55,"column":4},"end":{"line":59,"column":5}},"type":"if","locations":[{"start":{"line":55,"column":4},"end":{"line":59,"column":5}},{"start":{"line":57,"column":11},"end":{"line":59,"column":5}}],"line":55}},"s":{"0":1,"1":1,"2":0,"3":0,"4":0,"5":0,"6":0,"7":0,"8":0,"9":0,"10":0,"11":0,"12":0,"13":0,"14":1,"15":1,"16":1,"17":0,"18":0,"19":0,"20":0,"21":0,"22":1},"f":{"0":0,"1":0,"2":0,"3":1,"4":0},"b":{"0":[0,0],"1":[1,0],"2":[0,0]},"_coverageSchema":"1a1c01bbd47fc00a2c39e90264f33305004495a9","hash":"3a30000eedadc042f47eec739fa51b0a0c7a76f7"}
,"C:\\Users\\salim\\OneDrive\\Desktop\\liskov\\lap2\\project\\local-council-app\\server\\models\\User.js": {"path":"C:\\Users\\salim\\OneDrive\\Desktop\\liskov\\lap2\\project\\local-council-app\\server\\models\\User.js","statementMap":{"0":{"start":{"line":1,"column":11},"end":{"line":1,"column":41}},"1":{"start":{"line":12,"column":4},"end":{"line":12,"column":22}},"2":{"start":{"line":13,"column":4},"end":{"line":13,"column":29}},"3":{"start":{"line":14,"column":4},"end":{"line":14,"column":31}},"4":{"start":{"line":15,"column":4},"end":{"line":15,"column":36}},"5":{"start":{"line":16,"column":4},"end":{"line":16,"column":28}},"6":{"start":{"line":17,"column":4},"end":{"line":17,"column":32}},"7":{"start":{"line":21,"column":21},"end":{"line":23,"column":6}},"8":{"start":{"line":24,"column":4},"end":{"line":26,"column":5}},"9":{"start":{"line":25,"column":6},"end":{"line":25,"column":48}},"10":{"start":{"line":27,"column":4},"end":{"line":27,"column":38}},"11":{"start":{"line":32,"column":21},"end":{"line":34,"column":6}},"12":{"start":{"line":36,"column":4},"end":{"line":38,"column":5}},"13":{"start":{"line":37,"column":6},"end":{"line":37,"column":48}},"14":{"start":{"line":39,"column":4},"end":{"line":39,"column":38}},"15":{"start":{"line":43,"column":58},"end":{"line":43,"column":62}},"16":{"start":{"line":44,"column":19},"end":{"line":47,"column":5}},"17":{"start":{"line":48,"column":4},"end":{"line":48,"column":25}},"18":{"start":{"line":49,"column":18},"end":{"line":49,"column":42}},"19":{"start":{"line":50,"column":20},"end":{"line":50,"column":48}},"20":{"start":{"line":51,"column":4},"end":{"line":51,"column":24}},"21":{"start":{"line":52,"column":4},"end":{"line":52,"column":19}},"22":{"start":{"line":56,"column":0},"end":{"line":56,"column":22}}},"fnMap":{"0":{"name":"(anonymous_0)","decl":{"start":{"line":4,"column":2},"end":{"line":4,"column":3}},"loc":{"start":{"line":11,"column":5},"end":{"line":18,"column":3}},"line":11},"1":{"name":"(anonymous_1)","decl":{"start":{"line":20,"column":2},"end":{"line":20,"column":3}},"loc":{"start":{"line":20,"column":30},"end":{"line":28,"column":3}},"line":20},"2":{"name":"(anonymous_2)","decl":{"start":{"line":31,"column":2},"end":{"line":31,"column":3}},"loc":{"start":{"line":31,"column":42},"end":{"line":40,"column":3}},"line":31},"3":{"name":"(anonymous_3)","decl":{"start":{"line":42,"column":2},"end":{"line":42,"column":3}},"loc":{"start":{"line":42,"column":28},"end":{"line":53,"column":3}},"line":42}},"branchMap":{"0":{"loc":{"start":{"line":9,"column":4},"end":{"line":9,"column":20}},"type":"default-arg","locations":[{"start":{"line":9,"column":15},"end":{"line":9,"column":20}}],"line":9},"1":{"loc":{"start":{"line":10,"column":4},"end":{"line":10,"column":18}},"type":"default-arg","locations":[{"start":{"line":10,"column":17},"end":{"line":10,"column":18}}],"line":10},"2":{"loc":{"start":{"line":24,"column":4},"end":{"line":26,"column":5}},"type":"if","locations":[{"start":{"line":24,"column":4},"end":{"line":26,"column":5}},{"start":{},"end":{}}],"line":24},"3":{"loc":{"start":{"line":36,"column":4},"end":{"line":38,"column":5}},"type":"if","locations":[{"start":{"line":36,"column":4},"end":{"line":38,"column":5}},{"start":{},"end":{}}],"line":36}},"s":{"0":1,"1":8,"2":8,"3":8,"4":8,"5":8,"6":8,"7":8,"8":8,"9":1,"10":7,"11":2,"12":2,"13":1,"14":1,"15":6,"16":6,"17":6,"18":6,"19":6,"20":6,"21":6,"22":1},"f":{"0":8,"1":8,"2":2,"3":6},"b":{"0":[8],"1":[0],"2":[1,7],"3":[1,1]},"_coverageSchema":"1a1c01bbd47fc00a2c39e90264f33305004495a9","hash":"8cefea8655a8c7e8d81e4e566780dd6277026549"}
,"C:\\Users\\salim\\OneDrive\\Desktop\\liskov\\lap2\\project\\local-council-app\\server\\routers\\user.js": {"path":"C:\\Users\\salim\\OneDrive\\Desktop\\liskov\\lap2\\project\\local-council-app\\server\\routers\\user.js","statementMap":{"0":{"start":{"line":1,"column":19},"end":{"line":1,"column":37}},"1":{"start":{"line":2,"column":23},"end":{"line":2,"column":56}},"2":{"start":{"line":3,"column":22},"end":{"line":3,"column":63}},"3":{"start":{"line":5,"column":19},"end":{"line":5,"column":27}},"4":{"start":{"line":7,"column":0},"end":{"line":7,"column":54}},"5":{"start":{"line":8,"column":0},"end":{"line":8,"column":48}},"6":{"start":{"line":9,"column":0},"end":{"line":9,"column":52}},"7":{"start":{"line":12,"column":0},"end":{"line":12,"column":28}}},"fnMap":{},"branchMap":{},"s":{"0":1,"1":1,"2":1,"3":1,"4":1,"5":1,"6":1,"7":1},"f":{},"b":{},"_coverageSchema":"1a1c01bbd47fc00a2c39e90264f33305004495a9","hash":"7ed0ac872e1f0b5655c17fcca3c7ae04ea5d984e"}
,"C:\\Users\\salim\\OneDrive\\Desktop\\liskov\\lap2\\project\\local-council-app\\server\\routes\\submissions.js": {"path":"C:\\Users\\salim\\OneDrive\\Desktop\\liskov\\lap2\\project\\local-council-app\\server\\routes\\submissions.js","statementMap":{"0":{"start":{"line":1,"column":16},"end":{"line":1,"column":34}},"1":{"start":{"line":2,"column":30},"end":{"line":2,"column":77}},"2":{"start":{"line":3,"column":25},"end":{"line":3,"column":41}},"3":{"start":{"line":5,"column":0},"end":{"line":5,"column":67}},"4":{"start":{"line":6,"column":0},"end":{"line":6,"column":70}},"5":{"start":{"line":7,"column":0},"end":{"line":10,"column":2}},"6":{"start":{"line":11,"column":0},"end":{"line":11,"column":67}},"7":{"start":{"line":12,"column":0},"end":{"line":12,"column":67}},"8":{"start":{"line":14,"column":0},"end":{"line":14,"column":69}},"9":{"start":{"line":15,"column":0},"end":{"line":15,"column":64}},"10":{"start":{"line":16,"column":0},"end":{"line":16,"column":72}},"11":{"start":{"line":17,"column":0},"end":{"line":17,"column":66}},"12":{"start":{"line":18,"column":0},"end":{"line":18,"column":77}},"13":{"start":{"line":20,"column":0},"end":{"line":20,"column":34}}},"fnMap":{},"branchMap":{},"s":{"0":1,"1":1,"2":1,"3":1,"4":1,"5":1,"6":1,"7":1,"8":1,"9":1,"10":1,"11":1,"12":1,"13":1},"f":{},"b":{},"_coverageSchema":"1a1c01bbd47fc00a2c39e90264f33305004495a9","hash":"1bd1c8014407074899e13a62ecab76a61a8b493a"}
}
