{"C:\\Users\\salim\\OneDrive\\Desktop\\liskov\\lap2\\project\\local-council-app\\server\\app.js": {"path":"C:\\Users\\salim\\OneDrive\\Desktop\\liskov\\lap2\\project\\local-council-app\\server\\app.js","statementMap":{"0":{"start":{"line":1,"column":16},"end":{"line":1,"column":34}},"1":{"start":{"line":2,"column":13},"end":{"line":2,"column":28}},"2":{"start":{"line":3,"column":18},"end":{"line":3,"column":48}},"3":{"start":{"line":4,"column":25},"end":{"line":4,"column":56}},"4":{"start":{"line":6,"column":19},"end":{"line":6,"column":44}},"5":{"start":{"line":9,"column":12},"end":{"line":9,"column":21}},"6":{"start":{"line":11,"column":0},"end":{"line":11,"column":16}},"7":{"start":{"line":12,"column":0},"end":{"line":12,"column":24}},"8":{"start":{"line":13,"column":0},"end":{"line":13,"column":19}},"9":{"start":{"line":15,"column":0},"end":{"line":21,"column":3}},"10":{"start":{"line":16,"column":2},"end":{"line":20,"column":5}},"11":{"start":{"line":23,"column":0},"end":{"line":23,"column":42}},"12":{"start":{"line":24,"column":0},"end":{"line":24,"column":30}},"13":{"start":{"line":27,"column":0},"end":{"line":27,"column":21}}},"fnMap":{"0":{"name":"(anonymous_0)","decl":{"start":{"line":15,"column":13},"end":{"line":15,"column":14}},"loc":{"start":{"line":15,"column":27},"end":{"line":21,"column":1}},"line":15}},"branchMap":{},"s":{"0":1,"1":1,"2":1,"3":1,"4":1,"5":1,"6":1,"7":1,"8":1,"9":1,"10":0,"11":1,"12":1,"13":1},"f":{"0":0},"b":{},"_coverageSchema":"1a1c01bbd47fc00a2c39e90264f33305004495a9","hash":"a9fee44a03948d30710abf92467e83e2f3f328b9"}
,"C:\\Users\\salim\\OneDrive\\Desktop\\liskov\\lap2\\project\\local-council-app\\server\\controllers\\submissionsController.js": {"path":"C:\\Users\\salim\\OneDrive\\Desktop\\liskov\\lap2\\project\\local-council-app\\server\\controllers\\submissionsController.js","statementMap":{"0":{"start":{"line":1,"column":20},"end":{"line":1,"column":52}},"1":{"start":{"line":2,"column":13},"end":{"line":2,"column":38}},"2":{"start":{"line":3,"column":14},"end":{"line":3,"column":40}},"3":{"start":{"line":7,"column":4},"end":{"line":12,"column":5}},"4":{"start":{"line":8,"column":19},"end":{"line":8,"column":56}},"5":{"start":{"line":9,"column":6},"end":{"line":9,"column":33}},"6":{"start":{"line":11,"column":6},"end":{"line":11,"column":74}},"7":{"start":{"line":16,"column":19},"end":{"line":16,"column":29}},"8":{"start":{"line":17,"column":4},"end":{"line":26,"column":5}},"9":{"start":{"line":18,"column":25},"end":{"line":18,"column":64}},"10":{"start":{"line":19,"column":6},"end":{"line":23,"column":7}},"11":{"start":{"line":20,"column":8},"end":{"line":20,"column":41}},"12":{"start":{"line":22,"column":8},"end":{"line":22,"column":64}},"13":{"start":{"line":25,"column":6},"end":{"line":25,"column":78}},"14":{"start":{"line":30,"column":19},"end":{"line":30,"column":34}},"15":{"start":{"line":31,"column":4},"end":{"line":31,"column":24}},"16":{"start":{"line":32,"column":4},"end":{"line":37,"column":5}},"17":{"start":{"line":33,"column":26},"end":{"line":33,"column":74}},"18":{"start":{"line":34,"column":6},"end":{"line":34,"column":40}},"19":{"start":{"line":36,"column":6},"end":{"line":36,"column":51}},"20":{"start":{"line":41,"column":23},"end":{"line":41,"column":31}},"21":{"start":{"line":42,"column":4},"end":{"line":48,"column":5}},"22":{"start":{"line":43,"column":28},"end":{"line":43,"column":74}},"23":{"start":{"line":44,"column":6},"end":{"line":44,"column":30}},"24":{"start":{"line":45,"column":6},"end":{"line":45,"column":42}},"25":{"start":{"line":47,"column":6},"end":{"line":47,"column":58}},"26":{"start":{"line":52,"column":4},"end":{"line":62,"column":5}},"27":{"start":{"line":53,"column":17},"end":{"line":53,"column":40}},"28":{"start":{"line":54,"column":25},"end":{"line":54,"column":64}},"29":{"start":{"line":55,"column":19},"end":{"line":55,"column":27}},"30":{"start":{"line":56,"column":6},"end":{"line":56,"column":44}},"31":{"start":{"line":57,"column":6},"end":{"line":57,"column":38}},"32":{"start":{"line":58,"column":21},"end":{"line":58,"column":73}},"33":{"start":{"line":59,"column":6},"end":{"line":59,"column":35}},"34":{"start":{"line":61,"column":6},"end":{"line":61,"column":51}},"35":{"start":{"line":66,"column":4},"end":{"line":73,"column":5}},"36":{"start":{"line":67,"column":17},"end":{"line":67,"column":30}},"37":{"start":{"line":68,"column":21},"end":{"line":68,"column":36}},"38":{"start":{"line":69,"column":21},"end":{"line":69,"column":73}},"39":{"start":{"line":70,"column":6},"end":{"line":70,"column":35}},"40":{"start":{"line":72,"column":6},"end":{"line":72,"column":65}},"41":{"start":{"line":76,"column":23},"end":{"line":76,"column":33}},"42":{"start":{"line":77,"column":22},"end":{"line":77,"column":46}},"43":{"start":{"line":78,"column":8},"end":{"line":89,"column":9}},"44":{"start":{"line":79,"column":26},"end":{"line":79,"column":51}},"45":{"start":{"line":80,"column":25},"end":{"line":80,"column":57}},"46":{"start":{"line":81,"column":8},"end":{"line":83,"column":9}},"47":{"start":{"line":82,"column":12},"end":{"line":82,"column":62}},"48":{"start":{"line":84,"column":38},"end":{"line":84,"column":71}},"49":{"start":{"line":85,"column":12},"end":{"line":85,"column":40}},"50":{"start":{"line":86,"column":12},"end":{"line":86,"column":32}},"51":{"start":{"line":88,"column":8},"end":{"line":88,"column":77}},"52":{"start":{"line":93,"column":8},"end":{"line":98,"column":9}},"53":{"start":{"line":94,"column":25},"end":{"line":94,"column":55}},"54":{"start":{"line":95,"column":12},"end":{"line":95,"column":38}},"55":{"start":{"line":97,"column":12},"end":{"line":97,"column":76}},"56":{"start":{"line":102,"column":8},"end":{"line":107,"column":9}},"57":{"start":{"line":103,"column":25},"end":{"line":103,"column":52}},"58":{"start":{"line":104,"column":12},"end":{"line":104,"column":38}},"59":{"start":{"line":106,"column":12},"end":{"line":106,"column":76}},"60":{"start":{"line":112,"column":0},"end":{"line":112,"column":38}}},"fnMap":{"0":{"name":"(anonymous_0)","decl":{"start":{"line":6,"column":2},"end":{"line":6,"column":3}},"loc":{"start":{"line":6,"column":43},"end":{"line":13,"column":3}},"line":6},"1":{"name":"(anonymous_1)","decl":{"start":{"line":15,"column":2},"end":{"line":15,"column":3}},"loc":{"start":{"line":15,"column":43},"end":{"line":27,"column":3}},"line":15},"2":{"name":"(anonymous_2)","decl":{"start":{"line":29,"column":2},"end":{"line":29,"column":3}},"loc":{"start":{"line":29,"column":48},"end":{"line":38,"column":3}},"line":29},"3":{"name":"(anonymous_3)","decl":{"start":{"line":40,"column":2},"end":{"line":40,"column":3}},"loc":{"start":{"line":40,"column":42},"end":{"line":49,"column":3}},"line":40},"4":{"name":"(anonymous_4)","decl":{"start":{"line":51,"column":2},"end":{"line":51,"column":3}},"loc":{"start":{"line":51,"column":42},"end":{"line":63,"column":3}},"line":51},"5":{"name":"(anonymous_5)","decl":{"start":{"line":65,"column":2},"end":{"line":65,"column":3}},"loc":{"start":{"line":65,"column":48},"end":{"line":74,"column":5}},"line":65},"6":{"name":"(anonymous_6)","decl":{"start":{"line":75,"column":4},"end":{"line":75,"column":5}},"loc":{"start":{"line":75,"column":31},"end":{"line":90,"column":5}},"line":75},"7":{"name":"(anonymous_7)","decl":{"start":{"line":92,"column":4},"end":{"line":92,"column":5}},"loc":{"start":{"line":92,"column":37},"end":{"line":99,"column":5}},"line":92},"8":{"name":"(anonymous_8)","decl":{"start":{"line":101,"column":4},"end":{"line":101,"column":5}},"loc":{"start":{"line":101,"column":34},"end":{"line":108,"column":5}},"line":101}},"branchMap":{"0":{"loc":{"start":{"line":19,"column":6},"end":{"line":23,"column":7}},"type":"if","locations":[{"start":{"line":19,"column":6},"end":{"line":23,"column":7}},{"start":{"line":21,"column":13},"end":{"line":23,"column":7}}],"line":19},"1":{"loc":{"start":{"line":81,"column":8},"end":{"line":83,"column":9}},"type":"if","locations":[{"start":{"line":81,"column":8},"end":{"line":83,"column":9}},{"start":{},"end":{}}],"line":81}},"s":{"0":1,"1":1,"2":1,"3":1,"4":1,"5":1,"6":0,"7":1,"8":1,"9":1,"10":1,"11":1,"12":0,"13":0,"14":0,"15":0,"16":0,"17":0,"18":0,"19":0,"20":1,"21":1,"22":1,"23":1,"24":1,"25":0,"26":1,"27":1,"28":1,"29":1,"30":1,"31":1,"32":1,"33":0,"34":1,"35":0,"36":0,"37":0,"38":0,"39":0,"40":0,"41":0,"42":0,"43":0,"44":0,"45":0,"46":0,"47":0,"48":0,"49":0,"50":0,"51":0,"52":0,"53":0,"54":0,"55":0,"56":0,"57":0,"58":0,"59":0,"60":1},"f":{"0":1,"1":1,"2":0,"3":1,"4":1,"5":0,"6":0,"7":0,"8":0},"b":{"0":[1,0],"1":[0,0]},"_coverageSchema":"1a1c01bbd47fc00a2c39e90264f33305004495a9","hash":"ee17a960b3ce4f698415a8839cd064cfb76501c3"}
,"C:\\Users\\salim\\OneDrive\\Desktop\\liskov\\lap2\\project\\local-council-app\\server\\controllers\\user.js": {"path":"C:\\Users\\salim\\OneDrive\\Desktop\\liskov\\lap2\\project\\local-council-app\\server\\controllers\\user.js","statementMap":{"0":{"start":{"line":1,"column":15},"end":{"line":1,"column":32}},"1":{"start":{"line":3,"column":13},"end":{"line":3,"column":38}},"2":{"start":{"line":4,"column":14},"end":{"line":4,"column":40}},"3":{"start":{"line":7,"column":2},"end":{"line":15,"column":3}},"4":{"start":{"line":8,"column":17},"end":{"line":8,"column":25}},"5":{"start":{"line":9,"column":17},"end":{"line":9,"column":79}},"6":{"start":{"line":10,"column":4},"end":{"line":10,"column":65}},"7":{"start":{"line":11,"column":19},"end":{"line":11,"column":42}},"8":{"start":{"line":12,"column":4},"end":{"line":12,"column":33}},"9":{"start":{"line":14,"column":4},"end":{"line":14,"column":49}},"10":{"start":{"line":19,"column":15},"end":{"line":19,"column":23}},"11":{"start":{"line":20,"column":2},"end":{"line":40,"column":3}},"12":{"start":{"line":22,"column":17},"end":{"line":22,"column":59}},"13":{"start":{"line":24,"column":26},"end":{"line":27,"column":5}},"14":{"start":{"line":29,"column":4},"end":{"line":37,"column":5}},"15":{"start":{"line":30,"column":6},"end":{"line":30,"column":48}},"16":{"start":{"line":33,"column":20},"end":{"line":33,"column":47}},"17":{"start":{"line":36,"column":6},"end":{"line":36,"column":66}},"18":{"start":{"line":39,"column":4},"end":{"line":39,"column":49}},"19":{"start":{"line":44,"column":16},"end":{"line":44,"column":41}},"20":{"start":{"line":45,"column":2},"end":{"line":50,"column":3}},"21":{"start":{"line":46,"column":21},"end":{"line":46,"column":51}},"22":{"start":{"line":47,"column":4},"end":{"line":47,"column":48}},"23":{"start":{"line":49,"column":4},"end":{"line":49,"column":51}},"24":{"start":{"line":53,"column":0},"end":{"line":57,"column":2}}},"fnMap":{"0":{"name":"register","decl":{"start":{"line":6,"column":15},"end":{"line":6,"column":23}},"loc":{"start":{"line":6,"column":34},"end":{"line":16,"column":1}},"line":6},"1":{"name":"login","decl":{"start":{"line":18,"column":15},"end":{"line":18,"column":20}},"loc":{"start":{"line":18,"column":31},"end":{"line":41,"column":1}},"line":18},"2":{"name":"logout","decl":{"start":{"line":43,"column":15},"end":{"line":43,"column":21}},"loc":{"start":{"line":43,"column":32},"end":{"line":51,"column":1}},"line":43}},"branchMap":{"0":{"loc":{"start":{"line":29,"column":4},"end":{"line":37,"column":5}},"type":"if","locations":[{"start":{"line":29,"column":4},"end":{"line":37,"column":5}},{"start":{"line":31,"column":11},"end":{"line":37,"column":5}}],"line":29}},"s":{"0":1,"1":1,"2":1,"3":0,"4":0,"5":0,"6":0,"7":0,"8":0,"9":0,"10":0,"11":0,"12":0,"13":0,"14":0,"15":0,"16":0,"17":0,"18":0,"19":0,"20":0,"21":0,"22":0,"23":0,"24":1},"f":{"0":0,"1":0,"2":0},"b":{"0":[0,0]},"_coverageSchema":"1a1c01bbd47fc00a2c39e90264f33305004495a9","hash":"c7ee2330c6d9e15168f54cb692d18ac9da13dc0b"}
,"C:\\Users\\salim\\OneDrive\\Desktop\\liskov\\lap2\\project\\local-council-app\\server\\database\\connect.js": {"path":"C:\\Users\\salim\\OneDrive\\Desktop\\liskov\\lap2\\project\\local-council-app\\server\\database\\connect.js","statementMap":{"0":{"start":{"line":1,"column":15},"end":{"line":1,"column":28}},"1":{"start":{"line":2,"column":0},"end":{"line":2,"column":26}},"2":{"start":{"line":4,"column":11},"end":{"line":6,"column":2}},"3":{"start":{"line":8,"column":0},"end":{"line":8,"column":19}}},"fnMap":{},"branchMap":{},"s":{"0":1,"1":1,"2":1,"3":1},"f":{},"b":{},"_coverageSchema":"1a1c01bbd47fc00a2c39e90264f33305004495a9","hash":"fa58c0f573e9370392fb98103e223abebcfe8c27"}
,"C:\\Users\\salim\\OneDrive\\Desktop\\liskov\\lap2\\project\\local-council-app\\server\\middleware\\authenticator.js": {"path":"C:\\Users\\salim\\OneDrive\\Desktop\\liskov\\lap2\\project\\local-council-app\\server\\middleware\\authenticator.js","statementMap":{"0":{"start":{"line":1,"column":14},"end":{"line":1,"column":40}},"1":{"start":{"line":5,"column":2},"end":{"line":24,"column":3}},"2":{"start":{"line":8,"column":22},"end":{"line":8,"column":50}},"3":{"start":{"line":11,"column":4},"end":{"line":21,"column":5}},"4":{"start":{"line":12,"column":6},"end":{"line":12,"column":49}},"5":{"start":{"line":15,"column":25},"end":{"line":15,"column":61}},"6":{"start":{"line":16,"column":6},"end":{"line":20,"column":7}},"7":{"start":{"line":17,"column":8},"end":{"line":17,"column":60}},"8":{"start":{"line":19,"column":8},"end":{"line":19,"column":15}},"9":{"start":{"line":23,"column":4},"end":{"line":23,"column":49}},"10":{"start":{"line":27,"column":0},"end":{"line":27,"column":31}}},"fnMap":{"0":{"name":"authenticator","decl":{"start":{"line":4,"column":15},"end":{"line":4,"column":28}},"loc":{"start":{"line":4,"column":45},"end":{"line":25,"column":1}},"line":4}},"branchMap":{"0":{"loc":{"start":{"line":11,"column":4},"end":{"line":21,"column":5}},"type":"if","locations":[{"start":{"line":11,"column":4},"end":{"line":21,"column":5}},{"start":{"line":13,"column":11},"end":{"line":21,"column":5}}],"line":11},"1":{"loc":{"start":{"line":16,"column":6},"end":{"line":20,"column":7}},"type":"if","locations":[{"start":{"line":16,"column":6},"end":{"line":20,"column":7}},{"start":{"line":18,"column":13},"end":{"line":20,"column":7}}],"line":16}},"s":{"0":1,"1":0,"2":0,"3":0,"4":0,"5":0,"6":0,"7":0,"8":0,"9":0,"10":1},"f":{"0":0},"b":{"0":[0,0],"1":[0,0]},"_coverageSchema":"1a1c01bbd47fc00a2c39e90264f33305004495a9","hash":"0086c18b0b7a1da8fe86067083b3a56a105b0ef0"}
,"C:\\Users\\salim\\OneDrive\\Desktop\\liskov\\lap2\\project\\local-council-app\\server\\middleware\\logger.js": {"path":"C:\\Users\\salim\\OneDrive\\Desktop\\liskov\\lap2\\project\\local-council-app\\server\\middleware\\logger.js","statementMap":{"0":{"start":{"line":2,"column":2},"end":{"line":2,"column":43}},"1":{"start":{"line":3,"column":2},"end":{"line":3,"column":9}},"2":{"start":{"line":6,"column":0},"end":{"line":6,"column":27}}},"fnMap":{"0":{"name":"logRoutes","decl":{"start":{"line":1,"column":9},"end":{"line":1,"column":18}},"loc":{"start":{"line":1,"column":35},"end":{"line":4,"column":1}},"line":1}},"branchMap":{},"s":{"0":4,"1":4,"2":1},"f":{"0":4},"b":{},"_coverageSchema":"1a1c01bbd47fc00a2c39e90264f33305004495a9","hash":"8e26d54f154752f8e2f8b5b8bdeb0b6bce6fec5b"}
,"C:\\Users\\salim\\OneDrive\\Desktop\\liskov\\lap2\\project\\local-council-app\\server\\models\\Submissions.js": {"path":"C:\\Users\\salim\\OneDrive\\Desktop\\liskov\\lap2\\project\\local-council-app\\server\\models\\Submissions.js","statementMap":{"0":{"start":{"line":1,"column":11},"end":{"line":1,"column":41}},"1":{"start":{"line":6,"column":8},"end":{"line":6,"column":32}},"2":{"start":{"line":7,"column":8},"end":{"line":7,"column":27}},"3":{"start":{"line":8,"column":8},"end":{"line":8,"column":33}},"4":{"start":{"line":9,"column":8},"end":{"line":9,"column":33}},"5":{"start":{"line":10,"column":8},"end":{"line":10,"column":27}},"6":{"start":{"line":11,"column":8},"end":{"line":11,"column":45}},"7":{"start":{"line":12,"column":8},"end":{"line":12,"column":27}},"8":{"start":{"line":13,"column":8},"end":{"line":13,"column":30}},"9":{"start":{"line":14,"column":8},"end":{"line":14,"column":51}},"10":{"start":{"line":17,"column":22},"end":{"line":17,"column":56}},"11":{"start":{"line":18,"column":23},"end":{"line":18,"column":44}},"12":{"start":{"line":19,"column":8},"end":{"line":19,"column":19}},"13":{"start":{"line":23,"column":22},"end":{"line":23,"column":81}},"14":{"start":{"line":24,"column":25},"end":{"line":24,"column":52}},"15":{"start":{"line":25,"column":8},"end":{"line":25,"column":23}},"16":{"start":{"line":30,"column":10},"end":{"line":30,"column":92}},"17":{"start":{"line":31,"column":25},"end":{"line":31,"column":67}},"18":{"start":{"line":32,"column":8},"end":{"line":32,"column":20}},"19":{"start":{"line":36,"column":104},"end":{"line":36,"column":114}},"20":{"start":{"line":37,"column":22},"end":{"line":37,"column":172}},"21":{"start":{"line":38,"column":23},"end":{"line":38,"column":92}},"22":{"start":{"line":39,"column":25},"end":{"line":39,"column":54}},"23":{"start":{"line":40,"column":8},"end":{"line":40,"column":23}},"24":{"start":{"line":45,"column":62},"end":{"line":45,"column":72}},"25":{"start":{"line":46,"column":22},"end":{"line":46,"column":157}},"26":{"start":{"line":47,"column":23},"end":{"line":47,"column":70}},"27":{"start":{"line":48,"column":25},"end":{"line":48,"column":54}},"28":{"start":{"line":49,"column":8},"end":{"line":49,"column":23}},"29":{"start":{"line":54,"column":10},"end":{"line":54,"column":101}},"30":{"start":{"line":55,"column":23},"end":{"line":55,"column":45}},"31":{"start":{"line":56,"column":25},"end":{"line":56,"column":54}},"32":{"start":{"line":57,"column":8},"end":{"line":57,"column":29}},"33":{"start":{"line":58,"column":8},"end":{"line":58,"column":23}},"34":{"start":{"line":62,"column":22},"end":{"line":62,"column":97}},"35":{"start":{"line":63,"column":23},"end":{"line":63,"column":34}},"36":{"start":{"line":64,"column":26},"end":{"line":64,"column":92}},"37":{"start":{"line":65,"column":27},"end":{"line":65,"column":43}},"38":{"start":{"line":66,"column":23},"end":{"line":66,"column":52}},"39":{"start":{"line":67,"column":27},"end":{"line":67,"column":63}},"40":{"start":{"line":68,"column":8},"end":{"line":68,"column":56}},"41":{"start":{"line":72,"column":22},"end":{"line":72,"column":55}},"42":{"start":{"line":73,"column":8},"end":{"line":73,"column":29}},"43":{"start":{"line":77,"column":22},"end":{"line":77,"column":131}},"44":{"start":{"line":78,"column":23},"end":{"line":78,"column":44}},"45":{"start":{"line":79,"column":8},"end":{"line":79,"column":19}},"46":{"start":{"line":83,"column":0},"end":{"line":83,"column":29}}},"fnMap":{"0":{"name":"(anonymous_0)","decl":{"start":{"line":5,"column":4},"end":{"line":5,"column":5}},"loc":{"start":{"line":5,"column":121},"end":{"line":15,"column":7}},"line":5},"1":{"name":"(anonymous_1)","decl":{"start":{"line":16,"column":4},"end":{"line":16,"column":5}},"loc":{"start":{"line":16,"column":36},"end":{"line":20,"column":5}},"line":16},"2":{"name":"(anonymous_2)","decl":{"start":{"line":22,"column":4},"end":{"line":22,"column":5}},"loc":{"start":{"line":22,"column":39},"end":{"line":26,"column":7}},"line":22},"3":{"name":"(anonymous_3)","decl":{"start":{"line":28,"column":4},"end":{"line":28,"column":5}},"loc":{"start":{"line":28,"column":59},"end":{"line":33,"column":7}},"line":28},"4":{"name":"(anonymous_4)","decl":{"start":{"line":35,"column":6},"end":{"line":35,"column":7}},"loc":{"start":{"line":35,"column":48},"end":{"line":41,"column":7}},"line":35},"5":{"name":"(anonymous_5)","decl":{"start":{"line":44,"column":6},"end":{"line":44,"column":7}},"loc":{"start":{"line":44,"column":52},"end":{"line":50,"column":7}},"line":44},"6":{"name":"(anonymous_6)","decl":{"start":{"line":52,"column":6},"end":{"line":52,"column":7}},"loc":{"start":{"line":52,"column":54},"end":{"line":59,"column":7}},"line":52},"7":{"name":"(anonymous_7)","decl":{"start":{"line":61,"column":4},"end":{"line":61,"column":5}},"loc":{"start":{"line":61,"column":41},"end":{"line":69,"column":5}},"line":61},"8":{"name":"(anonymous_8)","decl":{"start":{"line":71,"column":4},"end":{"line":71,"column":5}},"loc":{"start":{"line":71,"column":29},"end":{"line":74,"column":5}},"line":71},"9":{"name":"(anonymous_9)","decl":{"start":{"line":76,"column":4},"end":{"line":76,"column":5}},"loc":{"start":{"line":76,"column":26},"end":{"line":80,"column":5}},"line":76}},"branchMap":{"0":{"loc":{"start":{"line":36,"column":59},"end":{"line":36,"column":68}},"type":"default-arg","locations":[{"start":{"line":36,"column":67},"end":{"line":36,"column":68}}],"line":36},"1":{"loc":{"start":{"line":36,"column":70},"end":{"line":36,"column":99}},"type":"default-arg","locations":[{"start":{"line":36,"column":90},"end":{"line":36,"column":99}}],"line":36}},"s":{"0":1,"1":0,"2":0,"3":0,"4":0,"5":0,"6":0,"7":0,"8":0,"9":0,"10":1,"11":1,"12":1,"13":2,"14":2,"15":2,"16":0,"17":0,"18":0,"19":1,"20":1,"21":1,"22":1,"23":1,"24":1,"25":1,"26":1,"27":1,"28":0,"29":0,"30":0,"31":0,"32":0,"33":0,"34":0,"35":0,"36":0,"37":0,"38":0,"39":0,"40":0,"41":0,"42":0,"43":0,"44":0,"45":0,"46":1},"f":{"0":0,"1":1,"2":2,"3":0,"4":1,"5":1,"6":0,"7":0,"8":0,"9":0},"b":{"0":[1],"1":[1]},"_coverageSchema":"1a1c01bbd47fc00a2c39e90264f33305004495a9","hash":"c14b98aa5f9f5279bbedd2fc46d69790433c60af"}
,"C:\\Users\\salim\\OneDrive\\Desktop\\liskov\\lap2\\project\\local-council-app\\server\\models\\Token.js": {"path":"C:\\Users\\salim\\OneDrive\\Desktop\\liskov\\lap2\\project\\local-council-app\\server\\models\\Token.js","statementMap":{"0":{"start":{"line":2,"column":23},"end":{"line":2,"column":38}},"1":{"start":{"line":4,"column":11},"end":{"line":4,"column":41}},"2":{"start":{"line":8,"column":4},"end":{"line":8,"column":29}},"3":{"start":{"line":9,"column":4},"end":{"line":9,"column":27}},"4":{"start":{"line":10,"column":4},"end":{"line":10,"column":23}},"5":{"start":{"line":15,"column":18},"end":{"line":15,"column":26}},"6":{"start":{"line":17,"column":21},"end":{"line":20,"column":5}},"7":{"start":{"line":22,"column":18},"end":{"line":22,"column":43}},"8":{"start":{"line":23,"column":21},"end":{"line":23,"column":50}},"9":{"start":{"line":25,"column":4},"end":{"line":25,"column":20}},"10":{"start":{"line":29,"column":21},"end":{"line":31,"column":6}},"11":{"start":{"line":32,"column":4},"end":{"line":36,"column":5}},"12":{"start":{"line":33,"column":6},"end":{"line":33,"column":49}},"13":{"start":{"line":35,"column":6},"end":{"line":35,"column":41}},"14":{"start":{"line":40,"column":21},"end":{"line":42,"column":6}},"15":{"start":{"line":43,"column":4},"end":{"line":47,"column":5}},"16":{"start":{"line":44,"column":6},"end":{"line":44,"column":49}},"17":{"start":{"line":46,"column":6},"end":{"line":46,"column":41}},"18":{"start":{"line":51,"column":21},"end":{"line":53,"column":6}},"19":{"start":{"line":55,"column":4},"end":{"line":59,"column":5}},"20":{"start":{"line":56,"column":6},"end":{"line":56,"column":49}},"21":{"start":{"line":58,"column":6},"end":{"line":58,"column":29}},"22":{"start":{"line":63,"column":0},"end":{"line":63,"column":23}}},"fnMap":{"0":{"name":"(anonymous_0)","decl":{"start":{"line":7,"column":2},"end":{"line":7,"column":3}},"loc":{"start":{"line":7,"column":44},"end":{"line":11,"column":3}},"line":7},"1":{"name":"(anonymous_1)","decl":{"start":{"line":13,"column":2},"end":{"line":13,"column":3}},"loc":{"start":{"line":13,"column":31},"end":{"line":26,"column":3}},"line":13},"2":{"name":"(anonymous_2)","decl":{"start":{"line":28,"column":2},"end":{"line":28,"column":3}},"loc":{"start":{"line":28,"column":30},"end":{"line":37,"column":3}},"line":28},"3":{"name":"(anonymous_3)","decl":{"start":{"line":39,"column":2},"end":{"line":39,"column":3}},"loc":{"start":{"line":39,"column":36},"end":{"line":48,"column":3}},"line":39},"4":{"name":"(anonymous_4)","decl":{"start":{"line":50,"column":2},"end":{"line":50,"column":3}},"loc":{"start":{"line":50,"column":34},"end":{"line":60,"column":3}},"line":50}},"branchMap":{"0":{"loc":{"start":{"line":32,"column":4},"end":{"line":36,"column":5}},"type":"if","locations":[{"start":{"line":32,"column":4},"end":{"line":36,"column":5}},{"start":{"line":34,"column":11},"end":{"line":36,"column":5}}],"line":32},"1":{"loc":{"start":{"line":43,"column":4},"end":{"line":47,"column":5}},"type":"if","locations":[{"start":{"line":43,"column":4},"end":{"line":47,"column":5}},{"start":{"line":45,"column":11},"end":{"line":47,"column":5}}],"line":43},"2":{"loc":{"start":{"line":55,"column":4},"end":{"line":59,"column":5}},"type":"if","locations":[{"start":{"line":55,"column":4},"end":{"line":59,"column":5}},{"start":{"line":57,"column":11},"end":{"line":59,"column":5}}],"line":55}},"s":{"0":1,"1":1,"2":0,"3":0,"4":0,"5":0,"6":0,"7":0,"8":0,"9":0,"10":0,"11":0,"12":0,"13":0,"14":0,"15":0,"16":0,"17":0,"18":0,"19":0,"20":0,"21":0,"22":1},"f":{"0":0,"1":0,"2":0,"3":0,"4":0},"b":{"0":[0,0],"1":[0,0],"2":[0,0]},"_coverageSchema":"1a1c01bbd47fc00a2c39e90264f33305004495a9","hash":"3a30000eedadc042f47eec739fa51b0a0c7a76f7"}
,"C:\\Users\\salim\\OneDrive\\Desktop\\liskov\\lap2\\project\\local-council-app\\server\\models\\User.js": {"path":"C:\\Users\\salim\\OneDrive\\Desktop\\liskov\\lap2\\project\\local-council-app\\server\\models\\User.js","statementMap":{"0":{"start":{"line":1,"column":11},"end":{"line":1,"column":41}},"1":{"start":{"line":11,"column":4},"end":{"line":11,"column":22}},"2":{"start":{"line":12,"column":4},"end":{"line":12,"column":29}},"3":{"start":{"line":13,"column":4},"end":{"line":13,"column":31}},"4":{"start":{"line":14,"column":4},"end":{"line":14,"column":36}},"5":{"start":{"line":15,"column":4},"end":{"line":15,"column":28}},"6":{"start":{"line":19,"column":21},"end":{"line":21,"column":6}},"7":{"start":{"line":22,"column":4},"end":{"line":24,"column":5}},"8":{"start":{"line":23,"column":6},"end":{"line":23,"column":48}},"9":{"start":{"line":25,"column":4},"end":{"line":25,"column":38}},"10":{"start":{"line":30,"column":21},"end":{"line":32,"column":6}},"11":{"start":{"line":34,"column":4},"end":{"line":36,"column":5}},"12":{"start":{"line":35,"column":6},"end":{"line":35,"column":48}},"13":{"start":{"line":37,"column":4},"end":{"line":37,"column":38}},"14":{"start":{"line":41,"column":58},"end":{"line":41,"column":62}},"15":{"start":{"line":42,"column":19},"end":{"line":45,"column":5}},"16":{"start":{"line":46,"column":18},"end":{"line":46,"column":42}},"17":{"start":{"line":47,"column":20},"end":{"line":47,"column":48}},"18":{"start":{"line":48,"column":4},"end":{"line":48,"column":19}},"19":{"start":{"line":52,"column":0},"end":{"line":52,"column":22}}},"fnMap":{"0":{"name":"(anonymous_0)","decl":{"start":{"line":4,"column":2},"end":{"line":4,"column":3}},"loc":{"start":{"line":10,"column":5},"end":{"line":16,"column":3}},"line":10},"1":{"name":"(anonymous_1)","decl":{"start":{"line":18,"column":2},"end":{"line":18,"column":3}},"loc":{"start":{"line":18,"column":30},"end":{"line":26,"column":3}},"line":18},"2":{"name":"(anonymous_2)","decl":{"start":{"line":29,"column":2},"end":{"line":29,"column":3}},"loc":{"start":{"line":29,"column":42},"end":{"line":38,"column":3}},"line":29},"3":{"name":"(anonymous_3)","decl":{"start":{"line":40,"column":2},"end":{"line":40,"column":3}},"loc":{"start":{"line":40,"column":28},"end":{"line":49,"column":3}},"line":40}},"branchMap":{"0":{"loc":{"start":{"line":9,"column":4},"end":{"line":9,"column":20}},"type":"default-arg","locations":[{"start":{"line":9,"column":15},"end":{"line":9,"column":20}}],"line":9},"1":{"loc":{"start":{"line":22,"column":4},"end":{"line":24,"column":5}},"type":"if","locations":[{"start":{"line":22,"column":4},"end":{"line":24,"column":5}},{"start":{},"end":{}}],"line":22},"2":{"loc":{"start":{"line":34,"column":4},"end":{"line":36,"column":5}},"type":"if","locations":[{"start":{"line":34,"column":4},"end":{"line":36,"column":5}},{"start":{},"end":{}}],"line":34}},"s":{"0":1,"1":0,"2":0,"3":0,"4":0,"5":0,"6":0,"7":0,"8":0,"9":0,"10":0,"11":0,"12":0,"13":0,"14":0,"15":0,"16":0,"17":0,"18":0,"19":1},"f":{"0":0,"1":0,"2":0,"3":0},"b":{"0":[0],"1":[0,0],"2":[0,0]},"_coverageSchema":"1a1c01bbd47fc00a2c39e90264f33305004495a9","hash":"c0531ff59461adba924e5b814f9c89e9dc9211f7"}
,"C:\\Users\\salim\\OneDrive\\Desktop\\liskov\\lap2\\project\\local-council-app\\server\\routers\\user.js": {"path":"C:\\Users\\salim\\OneDrive\\Desktop\\liskov\\lap2\\project\\local-council-app\\server\\routers\\user.js","statementMap":{"0":{"start":{"line":1,"column":19},"end":{"line":1,"column":37}},"1":{"start":{"line":2,"column":23},"end":{"line":2,"column":56}},"2":{"start":{"line":3,"column":22},"end":{"line":3,"column":63}},"3":{"start":{"line":5,"column":19},"end":{"line":5,"column":27}},"4":{"start":{"line":7,"column":0},"end":{"line":7,"column":54}},"5":{"start":{"line":8,"column":0},"end":{"line":8,"column":48}},"6":{"start":{"line":9,"column":0},"end":{"line":9,"column":52}},"7":{"start":{"line":12,"column":0},"end":{"line":12,"column":28}}},"fnMap":{},"branchMap":{},"s":{"0":1,"1":1,"2":1,"3":1,"4":1,"5":1,"6":1,"7":1},"f":{},"b":{},"_coverageSchema":"1a1c01bbd47fc00a2c39e90264f33305004495a9","hash":"7ed0ac872e1f0b5655c17fcca3c7ae04ea5d984e"}
,"C:\\Users\\salim\\OneDrive\\Desktop\\liskov\\lap2\\project\\local-council-app\\server\\routes\\submissions.js": {"path":"C:\\Users\\salim\\OneDrive\\Desktop\\liskov\\lap2\\project\\local-council-app\\server\\routes\\submissions.js","statementMap":{"0":{"start":{"line":1,"column":16},"end":{"line":1,"column":34}},"1":{"start":{"line":2,"column":30},"end":{"line":2,"column":77}},"2":{"start":{"line":3,"column":25},"end":{"line":3,"column":41}},"3":{"start":{"line":5,"column":0},"end":{"line":5,"column":67}},"4":{"start":{"line":6,"column":0},"end":{"line":6,"column":70}},"5":{"start":{"line":7,"column":0},"end":{"line":10,"column":2}},"6":{"start":{"line":11,"column":0},"end":{"line":11,"column":67}},"7":{"start":{"line":13,"column":0},"end":{"line":13,"column":69}},"8":{"start":{"line":14,"column":0},"end":{"line":14,"column":64}},"9":{"start":{"line":15,"column":0},"end":{"line":15,"column":62}},"10":{"start":{"line":16,"column":0},"end":{"line":16,"column":77}},"11":{"start":{"line":17,"column":0},"end":{"line":17,"column":63}},"12":{"start":{"line":20,"column":0},"end":{"line":20,"column":34}}},"fnMap":{},"branchMap":{},"s":{"0":1,"1":1,"2":1,"3":1,"4":1,"5":1,"6":1,"7":1,"8":1,"9":1,"10":1,"11":1,"12":1},"f":{},"b":{},"_coverageSchema":"1a1c01bbd47fc00a2c39e90264f33305004495a9","hash":"132b8e304cd48815df429ce7f9a1b72706621bc9"}
}
